<?xml version="1.0" encoding="UTF-8"?>
<!-- Generated by org.testng.reporters.JUnitReportReporter -->
<testsuite hostname="LAPTOP-FDUTCRQG" failures="0" tests="1" name="com.sportyshoe.seleniumcucumberscripts.SetupCheck" time="6.464" errors="0" timestamp="2023-11-14T10:43:32 IST" skipped="0">
  <testcase classname="com.sportyshoe.seleniumcucumberscripts.SetupCheck" name="selenium_setup_check" time="6.464"/>
  <system-out/>
</testsuite> <!-- com.sportyshoe.seleniumcucumberscripts.SetupCheck -->
