<?xml version="1.0" encoding="UTF-8"?>
<!-- Generated by org.testng.reporters.JUnitReportReporter -->
<testsuite hostname="LAPTOP-FDUTCRQG" failures="0" tests="1" name="com.sportyshoe.seleniumcucumberscripts.Loginpage" time="4.717" errors="0" timestamp="2023-11-15T10:03:12 IST" skipped="0">
  <testcase classname="com.sportyshoe.seleniumcucumberscripts.Loginpage" name="Login_check" time="4.717"/>
  <system-out/>
</testsuite> <!-- com.sportyshoe.seleniumcucumberscripts.Loginpage -->
