<?xml version="1.0" encoding="UTF-8"?>
<!-- Generated by org.testng.reporters.JUnitReportReporter -->
<testsuite hostname="LAPTOP-FDUTCRQG" failures="0" tests="1" name="com.sportyshoe.seleniumcucumberscripts.Resisterpage" time="4.308" errors="0" timestamp="2023-11-15T10:00:52 IST" skipped="0">
  <testcase classname="com.sportyshoe.seleniumcucumberscripts.Resisterpage" name="Registration_Page_check" time="4.308"/>
  <system-out/>
</testsuite> <!-- com.sportyshoe.seleniumcucumberscripts.Resisterpage -->
