<?xml version="1.0" encoding="UTF-8"?>
<!-- Generated by org.testng.reporters.JUnitReportReporter -->
<testsuite hostname="LAPTOP-FDUTCRQG" failures="0" tests="3" name="com.sportyshoe.Tests.OrderpageTest" time="0.482" errors="0" timestamp="2023-11-15T13:01:01 IST" skipped="0">
  <testcase classname="com.sportyshoe.Tests.OrderpageTest" name="test_login" time="0.380"/>
  <system-out/>
  <testcase classname="com.sportyshoe.Tests.OrderpageTest" name="test_click_orders" time="0.094"/>
  <system-out/>
  <testcase classname="com.sportyshoe.Tests.OrderpageTest" name="test_getTitle_page" time="0.008"/>
  <system-out/>
</testsuite> <!-- com.sportyshoe.Tests.OrderpageTest -->
