<?xml version="1.0" encoding="UTF-8"?>
<!-- Generated by org.testng.reporters.JUnitReportReporter -->
<testsuite hostname="LAPTOP-FDUTCRQG" failures="0" tests="2" name="com.sportyshoe.restassuredscripts.GetAllshoes" time="1.869" errors="0" timestamp="2023-11-15T12:30:00 IST" skipped="0">
  <testcase classname="com.sportyshoe.restassuredscripts.GetAllshoes" name="get_all_Shoes" time="1.844"/>
  <system-out/>
  <testcase classname="com.sportyshoe.restassuredscripts.GetAllshoes" name="get_all_users" time="0.025"/>
  <system-out/>
</testsuite> <!-- com.sportyshoe.restassuredscripts.GetAllshoes -->
