<?xml version="1.0" encoding="UTF-8"?>
<!-- Generated by org.testng.reporters.JUnitReportReporter -->
<testsuite hostname="LAPTOP-FDUTCRQG" failures="0" tests="3" name="com.sportyshoe.restassuredscripts.PostandPutnewShoe" time="1.052" errors="0" timestamp="2023-11-15T12:33:50 IST" skipped="0">
  <testcase classname="com.sportyshoe.restassuredscripts.PostandPutnewShoe" name="add_new_product" time="1.005"/>
  <system-out/>
  <testcase classname="com.sportyshoe.restassuredscripts.PostandPutnewShoe" name="update_a_product" time="0.029"/>
  <system-out/>
  <testcase classname="com.sportyshoe.restassuredscripts.PostandPutnewShoe" name="delete_product" time="0.018"/>
  <system-out/>
</testsuite> <!-- com.sportyshoe.restassuredscripts.PostandPutnewShoe -->
